<?xml version="1.0" encoding="UTF-8"?>
<!-- Generated by org.testng.reporters.JUnitReportReporter -->
<testsuite skipped="0" hostname="DESKTOP-P1UBEC0" name="com.framedev.CeshiSix" tests="1" failures="0" timestamp="30 十一月 2017 06:47:46 GMT" time="42.473" errors="0">
  <testcase name="six" time="42.473" classname="com.framedev.CeshiSix"/>
</testsuite> <!-- com.framedev.CeshiSix -->
