<?xml version="1.0" encoding="UTF-8"?>
<!-- Generated by org.testng.reporters.JUnitReportReporter -->
<testsuite skipped="0" hostname="DESKTOP-P1UBEC0" name="zuoyea.FayouJian" tests="1" failures="0" timestamp="06 十二月 2017 07:33:09 GMT" time="32.227" errors="0">
  <testcase name="aa" time="32.227" classname="zuoyea.FayouJian"/>
</testsuite> <!-- zuoyea.FayouJian -->
