<?xml version="1.0" encoding="UTF-8"?>
<!-- Generated by org.testng.reporters.JUnitReportReporter -->
<testsuite skipped="0" hostname="DESKTOP-P1UBEC0" name="com.framedev.TestTwo" tests="5" failures="0" timestamp="13 十二月 2017 03:32:35 GMT" time="85.621" errors="0">
  <testcase name="open" time="17.521" classname="com.framedev.TestTwo"/>
  <testcase name="two" time="9.757" classname="com.framedev.TestTwo"/>
  <testcase name="three" time="19.484" classname="com.framedev.TestTwo"/>
  <testcase name="four" time="19.285" classname="com.framedev.TestTwo"/>
  <testcase name="five" time="19.574" classname="com.framedev.TestTwo"/>
</testsuite> <!-- com.framedev.TestTwo -->
