<?xml version="1.0" encoding="UTF-8"?>
<!-- Generated by org.testng.reporters.JUnitReportReporter -->
<testsuite skipped="0" hostname="DESKTOP-P1UBEC0" name="com.framedev.CeshiTwo" tests="5" failures="0" timestamp="07 十二月 2017 07:06:02 GMT" time="86.007" errors="0">
  <testcase name="open" time="17.696" classname="com.framedev.CeshiTwo"/>
  <testcase name="two" time="9.618" classname="com.framedev.CeshiTwo"/>
  <testcase name="three" time="19.517" classname="com.framedev.CeshiTwo"/>
  <testcase name="four" time="19.561" classname="com.framedev.CeshiTwo"/>
  <testcase name="five" time="19.615" classname="com.framedev.CeshiTwo"/>
</testsuite> <!-- com.framedev.CeshiTwo -->
