<?xml version="1.0" encoding="UTF-8"?>
<!-- Generated by org.testng.reporters.JUnitReportReporter -->
<testsuite skipped="0" hostname="DESKTOP-P1UBEC0" name="com.framedev.FayouJian" tests="1" failures="0" timestamp="12 十二月 2017 13:24:30 GMT" time="10.037" errors="0">
  <testcase name="aa" time="10.037" classname="com.framedev.FayouJian"/>
</testsuite> <!-- com.framedev.FayouJian -->
