<?xml version="1.0" encoding="UTF-8"?>
<!-- Generated by org.testng.reporters.JUnitReportReporter -->
<testsuite skipped="0" hostname="DESKTOP-P1UBEC0" name="com.mail.MailBox" tests="1" failures="0" timestamp="14 十二月 2017 10:38:33 GMT" time="5.543" errors="0">
  <testcase name="aa" time="5.543" classname="com.mail.MailBox"/>
</testsuite> <!-- com.mail.MailBox -->
