<?xml version="1.0" encoding="UTF-8"?>
<!-- Generated by org.testng.reporters.JUnitReportReporter -->
<testsuite skipped="0" hostname="DESKTOP-P1UBEC0" name="com.testCases.GoodsTesta" tests="4" failures="0" timestamp="15 十二月 2017 02:12:35 GMT" time="116.100" errors="0">
  <testcase name="one" time="40.789" classname="com.testCases.GoodsTesta"/>
  <testcase name="two" time="21.472" classname="com.testCases.GoodsTesta"/>
  <testcase name="three" time="14.920" classname="com.testCases.GoodsTesta"/>
  <testcase name="four" time="38.919" classname="com.testCases.GoodsTesta"/>
</testsuite> <!-- com.testCases.GoodsTesta -->
