<?xml version="1.0" encoding="UTF-8"?>
<!-- Generated by org.testng.reporters.JUnitReportReporter -->
<testsuite skipped="0" hostname="DESKTOP-P1UBEC0" name="myZip.MyZipCompressing" tests="1" failures="0" timestamp="15 十二月 2017 00:57:38 GMT" time="0.126" errors="0">
  <testcase name="Zip" time="0.126" classname="myZip.MyZipCompressing"/>
</testsuite> <!-- myZip.MyZipCompressing -->
