<?xml version="1.0" encoding="UTF-8"?>
<!-- Generated by org.testng.reporters.JUnitReportReporter -->
<testsuite skipped="0" hostname="DESKTOP-P1UBEC0" name="com.testCases.DisplayTest" tests="1" failures="0" timestamp="15 十二月 2017 02:47:55 GMT" time="25.812" errors="0">
  <testcase name="six" time="25.812" classname="com.testCases.DisplayTest"/>
</testsuite> <!-- com.testCases.DisplayTest -->
