<?xml version="1.0" encoding="UTF-8"?>
<!-- Generated by org.testng.reporters.JUnitReportReporter -->
<testsuite skipped="0" hostname="DESKTOP-P1UBEC0" name="com.framedev.CeshiTwelve" tests="1" failures="0" timestamp="06 十二月 2017 09:20:14 GMT" time="20.277" errors="0">
  <testcase name="one" time="20.277" classname="com.framedev.CeshiTwelve"/>
</testsuite> <!-- com.framedev.CeshiTwelve -->
