<?xml version="1.0" encoding="UTF-8"?>
<!-- Generated by org.testng.reporters.JUnitReportReporter -->
<testsuite skipped="0" hostname="DESKTOP-P1UBEC0" name="com.testCases.CustomerTest" tests="1" failures="0" timestamp="15 十二月 2017 02:47:55 GMT" time="32.281" errors="0">
  <testcase name="one" time="32.281" classname="com.testCases.CustomerTest"/>
</testsuite> <!-- com.testCases.CustomerTest -->
