<?xml version="1.0" encoding="UTF-8"?>
<!-- Generated by org.testng.reporters.JUnitReportReporter -->
<testsuite skipped="0" hostname="DESKTOP-P1UBEC0" name="com.framedev.CeshiThree" tests="4" failures="0" timestamp="07 十二月 2017 07:07:06 GMT" time="36.129" errors="0">
  <testcase name="open" time="18.734" classname="com.framedev.CeshiThree"/>
  <testcase name="one" time="3.110" classname="com.framedev.CeshiThree"/>
  <testcase name="two" time="3.084" classname="com.framedev.CeshiThree"/>
  <testcase name="three" time="11.201" classname="com.framedev.CeshiThree"/>
</testsuite> <!-- com.framedev.CeshiThree -->
