<?xml version="1.0" encoding="UTF-8"?>
<!-- Generated by org.testng.reporters.JUnitReportReporter -->
<testsuite skipped="0" hostname="DESKTOP-P1UBEC0" name="com.testCases.UploadTest" tests="4" failures="0" timestamp="15 十二月 2017 02:12:35 GMT" time="35.356" errors="0">
  <testcase name="open" time="18.284" classname="com.testCases.UploadTest"/>
  <testcase name="one" time="3.104" classname="com.testCases.UploadTest"/>
  <testcase name="two" time="3.143" classname="com.testCases.UploadTest"/>
  <testcase name="three" time="10.825" classname="com.testCases.UploadTest"/>
</testsuite> <!-- com.testCases.UploadTest -->
