<?xml version="1.0" encoding="UTF-8"?>
<!-- Generated by org.testng.reporters.JUnitReportReporter -->
<testsuite skipped="0" hostname="DESKTOP-P1UBEC0" name="com.testCases.UploadTest" tests="4" failures="0" timestamp="15 十二月 2017 02:47:55 GMT" time="35.932" errors="0">
  <testcase name="open" time="18.469" classname="com.testCases.UploadTest"/>
  <testcase name="one" time="3.225" classname="com.testCases.UploadTest"/>
  <testcase name="two" time="3.142" classname="com.testCases.UploadTest"/>
  <testcase name="three" time="11.096" classname="com.testCases.UploadTest"/>
</testsuite> <!-- com.testCases.UploadTest -->
