<?xml version="1.0" encoding="UTF-8"?>
<!-- Generated by org.testng.reporters.JUnitReportReporter -->
<testsuite skipped="0" hostname="DESKTOP-P1UBEC0" name="com.mail.MailBox" tests="1" failures="0" timestamp="15 十二月 2017 02:25:40 GMT" time="6.309" errors="0">
  <testcase name="aa" time="6.309" classname="com.mail.MailBox"/>
</testsuite> <!-- com.mail.MailBox -->
