<?xml version="1.0" encoding="UTF-8"?>
<!-- Generated by org.testng.reporters.JUnitReportReporter -->
<testsuite skipped="0" hostname="DESKTOP-P1UBEC0" name="zuoyea.ceshione" tests="1" failures="0" timestamp="21 十一月 2017 08:18:58 GMT" time="12.019" errors="0">
  <testcase name="eo" time="12.019" classname="zuoyea.ceshione"/>
</testsuite> <!-- zuoyea.ceshione -->
