<?xml version="1.0" encoding="UTF-8"?>
<!-- Generated by org.testng.reporters.JUnitReportReporter -->
<testsuite skipped="0" hostname="DESKTOP-P1UBEC0" name="com.testCases.TypeTest" tests="5" failures="0" timestamp="15 十二月 2017 02:47:55 GMT" time="86.598" errors="0">
  <testcase name="open" time="18.029" classname="com.testCases.TypeTest"/>
  <testcase name="two" time="9.745" classname="com.testCases.TypeTest"/>
  <testcase name="three" time="19.467" classname="com.testCases.TypeTest"/>
  <testcase name="four" time="19.634" classname="com.testCases.TypeTest"/>
  <testcase name="five" time="19.723" classname="com.testCases.TypeTest"/>
</testsuite> <!-- com.testCases.TypeTest -->
