<?xml version="1.0" encoding="UTF-8"?>
<!-- Generated by org.testng.reporters.JUnitReportReporter -->
<testsuite hostname="DESKTOP-P1UBEC0" name="com.framedev.FayouJian" tests="1" failures="0" timestamp="13 Dec 2017 08:05:30 GMT" time="5.788" errors="0">
  <testcase name="aa" time="5.788" classname="com.framedev.FayouJian"/>
</testsuite> <!-- com.framedev.FayouJian -->
