<?xml version="1.0" encoding="UTF-8"?>
<!-- Generated by org.testng.reporters.JUnitReportReporter -->
<testsuite hostname="DESKTOP-P1UBEC0" name="com.mail.MailBox" tests="1" failures="0" timestamp="14 Dec 2017 07:22:47 GMT" time="5.683" errors="0">
  <testcase name="aa" time="5.683" classname="com.mail.MailBox"/>
</testsuite> <!-- com.mail.MailBox -->
