<?xml version="1.0" encoding="UTF-8"?>
<!-- Generated by org.testng.reporters.JUnitReportReporter -->
<testsuite skipped="0" hostname="DESKTOP-P1UBEC0" name="com.framedev.CeshiLast" tests="1" failures="0" timestamp="06 十二月 2017 08:26:58 GMT" time="30.800" errors="0">
  <testcase name="one" time="30.800" classname="com.framedev.CeshiLast"/>
</testsuite> <!-- com.framedev.CeshiLast -->
